# Logfile created on 2013-04-25 23:38:30 +0530 by logger.rb/31641
REQUESTING PAGE: GET / with {} and HTTP headers {}
REQUESTING PAGE: GET / with {} and HTTP headers {}
REQUESTING PAGE: GET / with {} and HTTP headers {}
REQUESTING PAGE: GET /help with {} and HTTP headers {}
REQUESTING PAGE: GET /help with {} and HTTP headers {}
REQUESTING PAGE: GET /about with {} and HTTP headers {}
REQUESTING PAGE: GET /about with {} and HTTP headers {}
REQUESTING PAGE: GET /contact with {} and HTTP headers {}
REQUESTING PAGE: GET /contact with {} and HTTP headers {}
REQUESTING PAGE: GET / with {} and HTTP headers {}
REQUESTING PAGE: GET / with {} and HTTP headers {}
REQUESTING PAGE: GET / with {} and HTTP headers {}
REQUESTING PAGE: GET /help with {} and HTTP headers {}
REQUESTING PAGE: GET /help with {} and HTTP headers {}
REQUESTING PAGE: GET /about with {} and HTTP headers {}
REQUESTING PAGE: GET /about with {} and HTTP headers {}
REQUESTING PAGE: GET /contact with {} and HTTP headers {}
REQUESTING PAGE: GET /contact with {} and HTTP headers {}
REQUESTING PAGE: GET / with {} and HTTP headers {}
REQUESTING PAGE: GET / with {} and HTTP headers {}
REQUESTING PAGE: GET / with {} and HTTP headers {}
REQUESTING PAGE: GET /help with {} and HTTP headers {}
REQUESTING PAGE: GET /help with {} and HTTP headers {}
REQUESTING PAGE: GET /about with {} and HTTP headers {}
REQUESTING PAGE: GET /about with {} and HTTP headers {}
REQUESTING PAGE: GET /contact with {} and HTTP headers {}
REQUESTING PAGE: GET /contact with {} and HTTP headers {}
REQUESTING PAGE: GET / with {} and HTTP headers {}
REQUESTING PAGE: GET / with {} and HTTP headers {}
REQUESTING PAGE: GET / with {} and HTTP headers {}
REQUESTING PAGE: GET /help with {} and HTTP headers {}
REQUESTING PAGE: GET /help with {} and HTTP headers {}
REQUESTING PAGE: GET /about with {} and HTTP headers {}
REQUESTING PAGE: GET /about with {} and HTTP headers {}
REQUESTING PAGE: GET /contact with {} and HTTP headers {}
REQUESTING PAGE: GET /contact with {} and HTTP headers {}
REQUESTING PAGE: GET / with {} and HTTP headers {}
REQUESTING PAGE: GET / with {} and HTTP headers {}
REQUESTING PAGE: GET / with {} and HTTP headers {}
REQUESTING PAGE: GET /help with {} and HTTP headers {}
REQUESTING PAGE: GET /help with {} and HTTP headers {}
REQUESTING PAGE: GET /about with {} and HTTP headers {}
REQUESTING PAGE: GET /about with {} and HTTP headers {}
REQUESTING PAGE: GET /contact with {} and HTTP headers {}
REQUESTING PAGE: GET /contact with {} and HTTP headers {}
REQUESTING PAGE: GET / with {} and HTTP headers {}
REQUESTING PAGE: GET / with {} and HTTP headers {}
REQUESTING PAGE: GET / with {} and HTTP headers {}
REQUESTING PAGE: GET /help with {} and HTTP headers {}
REQUESTING PAGE: GET /help with {} and HTTP headers {}
REQUESTING PAGE: GET /about with {} and HTTP headers {}
REQUESTING PAGE: GET /about with {} and HTTP headers {}
REQUESTING PAGE: GET /contact with {} and HTTP headers {}
REQUESTING PAGE: GET /contact with {} and HTTP headers {}
REQUESTING PAGE: GET / with {} and HTTP headers {}
REQUESTING PAGE: GET / with {} and HTTP headers {}
REQUESTING PAGE: GET / with {} and HTTP headers {}
REQUESTING PAGE: GET /help with {} and HTTP headers {}
REQUESTING PAGE: GET /help with {} and HTTP headers {}
REQUESTING PAGE: GET /about with {} and HTTP headers {}
REQUESTING PAGE: GET /about with {} and HTTP headers {}
REQUESTING PAGE: GET /contact with {} and HTTP headers {}
REQUESTING PAGE: GET /contact with {} and HTTP headers {}
REQUESTING PAGE: GET / with {} and HTTP headers {}
REQUESTING PAGE: GET / with {} and HTTP headers {}
REQUESTING PAGE: GET / with {} and HTTP headers {}
REQUESTING PAGE: GET /help with {} and HTTP headers {}
REQUESTING PAGE: GET /help with {} and HTTP headers {}
REQUESTING PAGE: GET /about with {} and HTTP headers {}
REQUESTING PAGE: GET /about with {} and HTTP headers {}
REQUESTING PAGE: GET /contact with {} and HTTP headers {}
REQUESTING PAGE: GET /contact with {} and HTTP headers {}
REQUESTING PAGE: GET / with {} and HTTP headers {}
REQUESTING PAGE: GET / with {} and HTTP headers {}
REQUESTING PAGE: GET / with {} and HTTP headers {}
REQUESTING PAGE: GET /help with {} and HTTP headers {}
REQUESTING PAGE: GET /help with {} and HTTP headers {}
REQUESTING PAGE: GET /about with {} and HTTP headers {}
REQUESTING PAGE: GET /about with {} and HTTP headers {}
REQUESTING PAGE: GET /contact with {} and HTTP headers {}
REQUESTING PAGE: GET /contact with {} and HTTP headers {}
REQUESTING PAGE: GET / with {} and HTTP headers {}
REQUESTING PAGE: GET / with {} and HTTP headers {}
REQUESTING PAGE: GET / with {} and HTTP headers {}
REQUESTING PAGE: GET /help with {} and HTTP headers {}
REQUESTING PAGE: GET /help with {} and HTTP headers {}
REQUESTING PAGE: GET /about with {} and HTTP headers {}
REQUESTING PAGE: GET /about with {} and HTTP headers {}
REQUESTING PAGE: GET /contact with {} and HTTP headers {}
REQUESTING PAGE: GET /contact with {} and HTTP headers {}
REQUESTING PAGE: GET / with {} and HTTP headers {}
REQUESTING PAGE: GET / with {} and HTTP headers {}
REQUESTING PAGE: GET / with {} and HTTP headers {}
REQUESTING PAGE: GET /help with {} and HTTP headers {}
REQUESTING PAGE: GET /help with {} and HTTP headers {}
REQUESTING PAGE: GET /about with {} and HTTP headers {}
REQUESTING PAGE: GET /about with {} and HTTP headers {}
REQUESTING PAGE: GET /contact with {} and HTTP headers {}
REQUESTING PAGE: GET /contact with {} and HTTP headers {}
REQUESTING PAGE: GET / with {} and HTTP headers {}
REQUESTING PAGE: GET / with {} and HTTP headers {}
REQUESTING PAGE: GET / with {} and HTTP headers {}
REQUESTING PAGE: GET /help with {} and HTTP headers {}
REQUESTING PAGE: GET /help with {} and HTTP headers {}
REQUESTING PAGE: GET /about with {} and HTTP headers {}
REQUESTING PAGE: GET /about with {} and HTTP headers {}
REQUESTING PAGE: GET /contact with {} and HTTP headers {}
REQUESTING PAGE: GET /contact with {} and HTTP headers {}
REQUESTING PAGE: GET / with {} and HTTP headers {}
REQUESTING PAGE: GET / with {} and HTTP headers {}
REQUESTING PAGE: GET / with {} and HTTP headers {}
REQUESTING PAGE: GET /help with {} and HTTP headers {}
REQUESTING PAGE: GET /help with {} and HTTP headers {}
REQUESTING PAGE: GET /about with {} and HTTP headers {}
REQUESTING PAGE: GET /about with {} and HTTP headers {}
REQUESTING PAGE: GET /contact with {} and HTTP headers {}
REQUESTING PAGE: GET /contact with {} and HTTP headers {}
REQUESTING PAGE: GET / with {} and HTTP headers {}
REQUESTING PAGE: GET / with {} and HTTP headers {}
REQUESTING PAGE: GET / with {} and HTTP headers {}
REQUESTING PAGE: GET /help with {} and HTTP headers {}
REQUESTING PAGE: GET /help with {} and HTTP headers {}
REQUESTING PAGE: GET /about with {} and HTTP headers {}
REQUESTING PAGE: GET /about with {} and HTTP headers {}
REQUESTING PAGE: GET /contact with {} and HTTP headers {}
REQUESTING PAGE: GET /contact with {} and HTTP headers {}
REQUESTING PAGE: GET /signup with {} and HTTP headers {}
REQUESTING PAGE: GET /signup with {} and HTTP headers {}
REQUESTING PAGE: GET /signup with {} and HTTP headers {}
REQUESTING PAGE: GET /signup with {} and HTTP headers {}
REQUESTING PAGE: GET /signup with {} and HTTP headers {}
REQUESTING PAGE: GET /signup with {} and HTTP headers {}
REQUESTING PAGE: GET /signup with {} and HTTP headers {}
REQUESTING PAGE: GET /signup with {} and HTTP headers {}
REQUESTING PAGE: GET /signup with {} and HTTP headers {}
REQUESTING PAGE: GET /signup with {} and HTTP headers {}
